<?xml version="1.0" encoding="UTF-8"?>

<mule xmlns:dw="http://www.mulesoft.org/schema/mule/ee/dw"
	xmlns:spring="http://www.springframework.org/schema/beans"
	xmlns:wd-revenue="http://www.mulesoft.org/schema/mule/wd-revenue"
	xmlns:sfdc="http://www.mulesoft.org/schema/mule/sfdc" xmlns="http://www.mulesoft.org/schema/mule/core"
	xmlns:doc="http://www.mulesoft.org/schema/mule/documentation"
	version="EE-3.7.2"
	xmlns:xsi="http://www.w3.org/2001/XMLSchema-instance"
	xsi:schemaLocation="http://www.mulesoft.org/schema/mule/core http://www.mulesoft.org/schema/mule/core/current/mule.xsd
http://www.mulesoft.org/schema/mule/sfdc http://www.mulesoft.org/schema/mule/sfdc/current/mule-sfdc.xsd
http://www.mulesoft.org/schema/mule/wd-revenue http://www.mulesoft.org/schema/mule/wd-revenue/current/mule-wd-revenue.xsd
http://www.springframework.org/schema/beans http://www.springframework.org/schema/beans/spring-beans-current.xsd
http://www.mulesoft.org/schema/mule/ee/dw http://www.mulesoft.org/schema/mule/ee/dw/current/dw.xsd">
    
    <sub-flow name="retrieveProductSFDC" >
        <sfdc:query-single config-ref="Salesforce" query="SELECT Id, Name, Description FROM Product2 WHERE Name = '#[payload['Name']]'" doc:name="Salesforce"/>

    </sub-flow>
    <sub-flow name="retievePricebookEntrySFDC">
        <sfdc:query-single config-ref="Salesforce" query="SELECT Id, UnitPrice FROM PriceBookEntry WHERE Product2Id = '#[payload['Id']]'" doc:name="Salesforce"/>
    </sub-flow>
    <sub-flow name="deleteSFDC">
        <sfdc:delete config-ref="Salesforce" doc:name="Salesforce">
            <sfdc:ids ref="#[payload]"/>
        </sfdc:delete>
    </sub-flow>
    
    
    <sub-flow name="createNewSalesItemWDAYF">
        <dw:transform-message doc:name="Map To PutSalesItemRequestType">
            <dw:set-payload><![CDATA[%dw 1.0
%output application/java
---
{
	salesItemData: {
		currencyReference: {
			ID: [{
				type: "Currency_Numeric_Code",
				value: p('wdayf.currency.num.code')
			}]
		},
		itemDescription: payload.description,
		itemName: payload.name,
		itemUnitPrice: payload.unitPrice,
		revenueCategoryReference: {
			ID: [{
				type: "Revenue_Category_ID",
				value: p('wdayf.revenue.category.id')
			}]
		},
		salesItemID: p('wdayf.sales.item.id')
	}
} as :object {
	class : "com.workday.revenue.PutSalesItemRequestType"
}]]></dw:set-payload>
        </dw:transform-message>
        <wd-revenue:put-sales-item config-ref="Workday_Revenue_Management" doc:name="Workday Revenue Management"/>
    </sub-flow>
    
</mule>
